/home/tejas/anaconda3/lib/python3.12/site-packages/datasets/utils/_dill.py:379: DeprecationWarning: co_lnotab is deprecated, use co_lines instead.
  obj.co_lnotab,  # for < python 3.10 [not counted in args]
INFO :      
INFO :      Received: get_parameters message fd5f99b1-57a5-4f63-b91c-75f522617283
INFO :      Sent reply
INFO :      
INFO :      Received: train message 6fb69209-a872-4db8-a91b-da82849fa95f
Training 1 epoch(s) w/ 200 batches each
[1,   100] loss: 0.108
[1,   200] loss: 0.095
INFO :      Sent reply
INFO :      
INFO :      Received: evaluate message 0a5573c1-6825-4542-895e-09865b9e24cf
INFO :      test printout, accuracy: 0.3662, time: 22.661800861358643
INFO :      Sent reply
INFO :      
INFO :      Received: train message 516d208d-29dc-4289-a94d-c84a4e2b7806
Training 1 epoch(s) w/ 200 batches each
[1,   100] loss: 0.088
[1,   200] loss: 0.084
INFO :      Sent reply
INFO :      
INFO :      Received: evaluate message f924f068-24fd-4232-bc48-7e917e1d76d9
INFO :      test printout, accuracy: 0.4162, time: 39.38937997817993
INFO :      Sent reply
INFO :      
INFO :      Received: train message fe263760-89dd-4569-8beb-2ff7ba79cdc0
Training 1 epoch(s) w/ 200 batches each
[1,   100] loss: 0.081
[1,   200] loss: 0.078
INFO :      Sent reply
INFO :      
INFO :      Received: evaluate message 0a459d6a-25c6-4053-b087-1ab06b614895
INFO :      test printout, accuracy: 0.4492, time: 56.67447209358215
INFO :      Sent reply
INFO :      
INFO :      Received: train message 80675bfe-1336-4acf-8209-f0c61065bd02
Training 1 epoch(s) w/ 200 batches each
[1,   100] loss: 0.076
[1,   200] loss: 0.074
INFO :      Sent reply
INFO :      
INFO :      Received: evaluate message 6fc13c3c-5502-4670-a85c-5a71f33e24a1
INFO :      test printout, accuracy: 0.4718, time: 73.25420117378235
INFO :      Sent reply
INFO :      
INFO :      Received: train message 07fca9c2-4442-42ca-9f60-4403bd0dd4c4
Training 1 epoch(s) w/ 200 batches each
[1,   100] loss: 0.072
[1,   200] loss: 0.071
INFO :      Sent reply
INFO :      
INFO :      Received: evaluate message 33145b00-c07a-4449-93c5-204141c31ad8
INFO :      test printout, accuracy: 0.4904, time: 90.05351948738098
INFO :      Sent reply
INFO :      
INFO :      Received: train message a3659204-a2a7-48ad-bd71-1ecdf9eeb7e6
Training 1 epoch(s) w/ 200 batches each
[1,   100] loss: 0.069
[1,   200] loss: 0.069
INFO :      Sent reply
INFO :      
INFO :      Received: evaluate message ab8ae57f-66e0-467b-9893-e10547a255fc
INFO :      test printout, accuracy: 0.5082, time: 106.89501142501831
INFO :      Sent reply
INFO :      
INFO :      Received: train message 1712a497-1894-4d6d-bfc9-ef364709ed2a
Training 1 epoch(s) w/ 200 batches each
[1,   100] loss: 0.067
[1,   200] loss: 0.066
INFO :      Sent reply
INFO :      
INFO :      Received: evaluate message e53f8436-6a91-4b82-9339-4e1e606baec3
INFO :      test printout, accuracy: 0.5164, time: 123.98030972480774
INFO :      Sent reply
INFO :      
INFO :      Received: train message e00ee2fa-90b6-4a29-bf8d-8e123d66bec9
Training 1 epoch(s) w/ 200 batches each
[1,   100] loss: 0.065
[1,   200] loss: 0.064
INFO :      Sent reply
INFO :      
INFO :      Received: evaluate message 83e22c9d-75ce-4cc0-842b-5f163a5d3b79
INFO :      test printout, accuracy: 0.5306, time: 140.60419535636902
INFO :      Sent reply
INFO :      
INFO :      Received: train message 005909dc-2aca-4cc9-aa64-db8fe4223f26
Training 1 epoch(s) w/ 200 batches each
[1,   100] loss: 0.063
[1,   200] loss: 0.062
INFO :      Sent reply
INFO :      
INFO :      Received: evaluate message ab54d914-9826-41d3-b96e-36aba59039ec
INFO :      test printout, accuracy: 0.5406, time: 157.27649569511414
INFO :      Sent reply
INFO :      
INFO :      Received: train message 1cfd3090-8fdc-43d1-acff-3a186740117b
Training 1 epoch(s) w/ 200 batches each
[1,   100] loss: 0.061
[1,   200] loss: 0.061
INFO :      Sent reply
INFO :      
INFO :      Received: evaluate message 0ea1f0da-f912-4736-b849-4919235da5c8
INFO :      test printout, accuracy: 0.5442, time: 173.88582134246826
INFO :      Sent reply
INFO :      
INFO :      Received: train message 2278a47e-1849-4c5e-9f4b-4760836992dd
Training 1 epoch(s) w/ 200 batches each
[1,   100] loss: 0.059
[1,   200] loss: 0.059
INFO :      Sent reply
INFO :      
INFO :      Received: evaluate message a5131a49-4362-49bd-9746-7eb5551d1738
INFO :      test printout, accuracy: 0.5482, time: 190.77009963989258
INFO :      Sent reply
INFO :      
INFO :      Received: train message eeea1452-8795-4cfc-965e-c32051211ef5
Training 1 epoch(s) w/ 200 batches each
[1,   100] loss: 0.058
[1,   200] loss: 0.058
INFO :      Sent reply
INFO :      
INFO :      Received: evaluate message 678e353d-395b-4b69-a3a8-4a07dc825c83
INFO :      test printout, accuracy: 0.5536, time: 207.55899572372437
INFO :      Sent reply
INFO :      
INFO :      Received: train message d911a78b-cfdc-4116-b558-823e2eb3d8cd
Training 1 epoch(s) w/ 200 batches each
[1,   100] loss: 0.056
[1,   200] loss: 0.057
INFO :      Sent reply
INFO :      
INFO :      Received: evaluate message 4fdf743b-cbff-40d6-81ae-ca643921a00c
INFO :      test printout, accuracy: 0.564, time: 232.90310621261597
INFO :      Sent reply
INFO :      
INFO :      Received: train message 096c6c21-0cae-436e-b094-3578a1a0980d
Training 1 epoch(s) w/ 200 batches each
[1,   100] loss: 0.055
[1,   200] loss: 0.056
INFO :      Sent reply
INFO :      
INFO :      Received: evaluate message f705dbb7-6619-4f35-8e44-a3c180b929cd
INFO :      test printout, accuracy: 0.569, time: 260.454509973526
INFO :      Sent reply
INFO :      
INFO :      Received: train message 8ebaf91b-585f-4477-b64f-e733df837918
Training 1 epoch(s) w/ 200 batches each
[1,   100] loss: 0.054
[1,   200] loss: 0.055
INFO :      Sent reply
INFO :      
INFO :      Received: evaluate message e3614d04-fc3f-4b5d-b3c1-b63e4e349a09
INFO :      test printout, accuracy: 0.5692, time: 286.5178544521332
INFO :      Sent reply
INFO :      
INFO :      Received: reconnect message 4fa488f7-6c39-4659-8434-a1e276243bec
INFO :      Disconnect and shut down

